[==========] Running 1 test from 1 test suite.
[----------] Global test environment set-up.
[----------] 1 test from RingBufTest
[ RUN      ] RingBufTest.CrossMultiplePushPopAndExpand
size:14
capacity:16
cons_head:0
cons_tail:0
prod_head:14
prod_tail:14
data:
     Index      Data
 --------- ---------
         0         0
         1         1
         2         2
         3         3
         4         4
         5         5
         6         6
         7         7
         8         8
         9         9
        10        10
        11        11
        12        12
        13        13
        14 710886469
        15     32512
size:27
capacity:32
cons_head:0
cons_tail:0
prod_head:27
prod_tail:27
data:
     Index      Data
 --------- ---------
         0         0
         1         1
         2         2
         3         3
         4         4
         5         5
         6         6
         7         7
         8         8
         9         9
        10        10
        11        11
        12        12
        13        13
        14        14
        15        15
        16        16
        17        17
        18        18
        19        19
        20        20
        21        21
        22        22
        23        23
        24        24
        25        25
        26        26
        27         0
        28         0
        29         0
        30         0
        31         0
size:42
capacity:64
cons_head:0
cons_tail:0
prod_head:42
prod_tail:42
data:
     Index      Data
 --------- ---------
         0         0
         1         1
         2         2
         3         3
         4         4
         5         5
         6         6
         7         7
         8         8
         9         9
        10        10
        11        11
        12        12
        13        13
        14        14
        15        15
        16        16
        17        17
        18        18
        19        19
        20        20
        21        21
        22        22
        23        23
        24        24
        25        25
        26        26
        27        27
        28        28
        29        29
        30        30
        31        31
        32        32
        33        33
        34        34
        35        35
        36        36
        37        37
        38        38
        39        39
        40        40
        41        41
        42         0
        43         0
        44         0
        45         0
        46         0
        47         0
        48         0
        49         0
        50         0
        51         0
        52         0
        53         0
        54         0
        55         0
        56         0
        57         0
        58         0
        59         0
        60         0
        61         0
        62         0
        63         0
size:28
capacity:64
cons_head:14
cons_tail:14
prod_head:42
prod_tail:42
data:
     Index      Data
 --------- ---------
         0         0
         1         1
         2         2
         3         3
         4         4
         5         5
         6         6
         7         7
         8         8
         9         9
        10        10
        11        11
        12        12
        13        13
        14        14
        15        15
        16        16
        17        17
        18        18
        19        19
        20        20
        21        21
        22        22
        23        23
        24        24
        25        25
        26        26
        27        27
        28        28
        29        29
        30        30
        31        31
        32        32
        33        33
        34        34
        35        35
        36        36
        37        37
        38        38
        39        39
        40        40
        41        41
        42         0
        43         0
        44         0
        45         0
        46         0
        47         0
        48         0
        49         0
        50         0
        51         0
        52         0
        53         0
        54         0
        55         0
        56         0
        57         0
        58         0
        59         0
        60         0
        61         0
        62         0
        63         0
size:15
capacity:64
cons_head:27
cons_tail:27
prod_head:42
prod_tail:42
data:
     Index      Data
 --------- ---------
         0         0
         1         1
         2         2
         3         3
         4         4
         5         5
         6         6
         7         7
         8         8
         9         9
        10        10
        11        11
        12        12
        13        13
        14        14
        15        15
        16        16
        17        17
        18        18
        19        19
        20        20
        21        21
        22        22
        23        23
        24        24
        25        25
        26        26
        27        27
        28        28
        29        29
        30        30
        31        31
        32        32
        33        33
        34        34
        35        35
        36        36
        37        37
        38        38
        39        39
        40        40
        41        41
        42         0
        43         0
        44         0
        45         0
        46         0
        47         0
        48         0
        49         0
        50         0
        51         0
        52         0
        53         0
        54         0
        55         0
        56         0
        57         0
        58         0
        59         0
        60         0
        61         0
        62         0
        63         0
size:0
capacity:64
cons_head:42
cons_tail:42
prod_head:42
prod_tail:42
data:
     Index      Data
 --------- ---------
         0         0
         1         1
         2         2
         3         3
         4         4
         5         5
         6         6
         7         7
         8         8
         9         9
        10        10
        11        11
        12        12
        13        13
        14        14
        15        15
        16        16
        17        17
        18        18
        19        19
        20        20
        21        21
        22        22
        23        23
        24        24
        25        25
        26        26
        27        27
        28        28
        29        29
        30        30
        31        31
        32        32
        33        33
        34        34
        35        35
        36        36
        37        37
        38        38
        39        39
        40        40
        41        41
        42         0
        43         0
        44         0
        45         0
        46         0
        47         0
        48         0
        49         0
        50         0
        51         0
        52         0
        53         0
        54         0
        55         0
        56         0
        57         0
        58         0
        59         0
        60         0
        61         0
        62         0
        63         0
[       OK ] RingBufTest.CrossMultiplePushPopAndExpand (0 ms)
[----------] 1 test from RingBufTest (0 ms total)

[----------] Global test environment tear-down
[==========] 1 test from 1 test suite ran. (1 ms total)
[  PASSED  ] 1 test.
